Base path: 'C:/Program Files/Unity/Hub/Editor/2019.2.6f1/Editor/Data', plugins path 'C:/Program Files/Unity/Hub/Editor/2019.2.6f1/Editor/Data/PlaybackEngines'
Cmd: initializeCompiler
Cmd: preprocessCompute
  insize=2543 outsize=2549 ok=1
Cmd: compileComputeKernel
  api=4 insize=2549 outsize=935 ok=1
Cmd: preprocessCompute
  insize=18598 outsize=18610 ok=1
Cmd: compileComputeKernel
  api=4 insize=18610 outsize=1491 ok=1
Cmd: preprocessCompute
  insize=15477 outsize=15603 ok=1
Cmd: compileComputeKernel
  api=4 insize=15603 outsize=113975 ok=1
Cmd: compileComputeKernel
  api=4 insize=15603 outsize=32144 ok=1
Cmd: compileComputeKernel
  api=4 insize=15603 outsize=15264 ok=1
Cmd: compileComputeKernel
  api=4 insize=15603 outsize=35216 ok=1
Cmd: compileComputeKernel
  api=4 insize=15603 outsize=40427 ok=1
Cmd: compileComputeKernel
  api=4 insize=15603 outsize=37933 ok=1
Cmd: compileComputeKernel
  api=4 insize=15603 outsize=44718 ok=1
Cmd: compileComputeKernel
  api=4 insize=15603 outsize=33961 ok=1
Cmd: preprocessCompute
  insize=25726 outsize=25750 ok=1
Cmd: compileComputeKernel
  api=4 insize=25750 outsize=15415 ok=1
Cmd: preprocessCompute
  insize=3791 outsize=3797 ok=1
Cmd: compileComputeKernel
  api=4 insize=3797 outsize=1613 ok=1
Cmd: preprocessCompute
  insize=5761 outsize=5767 ok=1
Cmd: compileComputeKernel
  api=4 insize=5767 outsize=5733 ok=1
Cmd: preprocessCompute
  insize=1040 outsize=1042 ok=1
Cmd: compileComputeKernel
  api=4 insize=1042 outsize=3163 ok=1
Cmd: preprocessCompute
  insize=3683 outsize=3687 ok=1
Cmd: preprocessCompute
  insize=1320 outsize=1326 ok=1
Cmd: preprocessCompute
  insize=2644 outsize=2648 ok=1
Cmd: preprocessCompute
  insize=11249 outsize=11251 ok=1
Cmd: compileComputeKernel
  api=4 insize=11251 outsize=5613 ok=1
Cmd: preprocessCompute
  insize=971 outsize=975 ok=1
Cmd: compileComputeKernel
  api=4 insize=975 outsize=888 ok=1
Cmd: preprocessCompute
  insize=9329 outsize=9347 ok=1
Cmd: compileComputeKernel
  api=4 insize=9347 outsize=7435 ok=1
Cmd: preprocessCompute
  insize=11377 outsize=11383 ok=1
Cmd: compileComputeKernel
  api=4 insize=11383 outsize=9839 ok=1
Cmd: preprocessCompute
  insize=9453 outsize=9461 ok=1
Cmd: compileComputeKernel
  api=4 insize=9461 outsize=4294 ok=1
Cmd: preprocessCompute
  insize=4019 outsize=4025 ok=1
Cmd: compileComputeKernel
  api=4 insize=4025 outsize=4208 ok=1
Cmd: preprocessCompute
  insize=4908 outsize=4918 ok=1
Cmd: compileComputeKernel
  api=4 insize=4918 outsize=2055 ok=1
Cmd: preprocessCompute
  insize=3253 outsize=3257 ok=1
Cmd: preprocessCompute
  insize=11906 outsize=11912 ok=1
Cmd: compileComputeKernel
  api=4 insize=11912 outsize=1307 ok=1
Cmd: preprocessCompute
  insize=7409 outsize=7423 ok=1
Cmd: compileComputeKernel
  api=4 insize=7423 outsize=1322 ok=1
Cmd: preprocessCompute
  insize=3086 outsize=3092 ok=1
Cmd: compileComputeKernel
  api=4 insize=3092 outsize=1991 ok=1
Cmd: preprocessCompute
  insize=1934 outsize=1940 ok=1
Cmd: compileComputeKernel
  api=4 insize=1940 outsize=2732 ok=1
Cmd: preprocessCompute
  insize=12264 outsize=12268 ok=1
Cmd: preprocessCompute
  insize=13612 outsize=13624 ok=1
Cmd: compileComputeKernel
  api=4 insize=13624 outsize=3543 ok=1
Cmd: preprocessCompute
  insize=2641 outsize=2643 ok=1
Cmd: preprocessCompute
  insize=1830 outsize=1834 ok=1
Cmd: compileComputeKernel
  api=4 insize=1834 outsize=1067 ok=1
Cmd: preprocessCompute
  insize=21536 outsize=21554 ok=1
Cmd: compileComputeKernel
  api=4 insize=21554 outsize=14612 ok=1
Cmd: preprocessCompute
  insize=7243 outsize=7247 ok=1
Cmd: preprocessCompute
  insize=5902 outsize=5906 ok=1
Cmd: preprocessCompute
  insize=21745 outsize=21751 ok=1
Cmd: compileComputeKernel
  api=4 insize=21751 outsize=21785 ok=1
Cmd: preprocessCompute
  insize=8630 outsize=8644 ok=1
Cmd: compileComputeKernel
  api=4 insize=8644 outsize=4069 ok=1
Cmd: preprocessCompute
  insize=2549 outsize=2553 ok=1
Cmd: compileComputeKernel
  api=4 insize=2553 outsize=2594 ok=1
Cmd: preprocessCompute
  insize=2899 outsize=2905 ok=1
Cmd: compileComputeKernel
  api=4 insize=2905 outsize=1860 ok=1
Cmd: preprocessCompute
  insize=640 outsize=642 ok=1
Cmd: preprocessCompute
  insize=4421 outsize=4423 ok=1
Cmd: compileComputeKernel
  api=4 insize=4423 outsize=2453 ok=1
Cmd: preprocessCompute
  insize=3012 outsize=3022 ok=1
Cmd: compileComputeKernel
  api=4 insize=3022 outsize=2047 ok=1
Cmd: preprocessCompute
  insize=7906 outsize=7918 ok=1
Cmd: preprocessCompute
  insize=851 outsize=857 ok=1
Cmd: compileComputeKernel
  api=4 insize=857 outsize=578 ok=1
Cmd: preprocessCompute
  insize=1576 outsize=1580 ok=1
Cmd: compileComputeKernel
  api=4 insize=1580 outsize=16101 ok=1
Cmd: preprocessCompute
  insize=20658 outsize=20668 ok=1
Cmd: compileComputeKernel
  api=4 insize=20668 outsize=27771 ok=1
Cmd: preprocessCompute
  insize=36481 outsize=36515 ok=1
Cmd: compileComputeKernel
  api=4 insize=36515 outsize=32395 ok=1
Cmd: compileComputeKernel
  api=4 insize=36515 outsize=32395 ok=1
Cmd: preprocessCompute
  insize=8344 outsize=8350 ok=1
Cmd: compileComputeKernel
  api=4 insize=8350 outsize=2942 ok=1
Cmd: preprocessCompute
  insize=5473 outsize=5477 ok=1
Cmd: compileComputeKernel
  api=4 insize=5477 outsize=1267 ok=1
Cmd: preprocessCompute
  insize=17596 outsize=17606 ok=1
Cmd: compileComputeKernel
  api=4 insize=17606 outsize=7333 ok=1
Cmd: preprocessCompute
  insize=5043 outsize=5065 ok=1
Cmd: compileComputeKernel
  api=4 insize=5065 outsize=1297 ok=1
Cmd: preprocessCompute
  insize=823 outsize=824 ok=1
Cmd: compileComputeKernel
  api=4 insize=824 outsize=320 ok=1
Cmd: preprocessCompute
  insize=15711 outsize=15717 ok=1
Cmd: compileComputeKernel
  api=4 insize=15717 outsize=7553 ok=1
Cmd: preprocessCompute
  insize=2590 outsize=2596 ok=1
Cmd: compileComputeKernel
  api=4 insize=2596 outsize=2268 ok=1
Cmd: preprocessCompute
  insize=3733 outsize=3735 ok=1
Cmd: compileComputeKernel
  api=4 insize=3735 outsize=3082 ok=1
Cmd: preprocessCompute
  insize=8960 outsize=8970 ok=1
Cmd: compileComputeKernel
  api=4 insize=8970 outsize=244 ok=1
Cmd: preprocessCompute
  insize=3035 outsize=3043 ok=1
Cmd: compileComputeKernel
  api=4 insize=3043 outsize=2697 ok=1
Cmd: preprocessCompute
  insize=9802 outsize=9814 ok=1
Cmd: compileComputeKernel
  api=4 insize=9814 outsize=4045 ok=1
Cmd: preprocessCompute
  insize=3285 outsize=3289 ok=1
Cmd: compileComputeKernel
  api=4 insize=3289 outsize=4635 ok=1
Cmd: preprocessCompute
  insize=7682 outsize=7700 ok=1
Cmd: compileComputeKernel
  api=4 insize=7700 outsize=3364 ok=1
Cmd: preprocessCompute
  insize=3904 outsize=3918 ok=1
Cmd: compileComputeKernel
  api=4 insize=3918 outsize=3422 ok=1
Cmd: preprocessCompute
  insize=3650 outsize=3654 ok=1
Cmd: compileComputeKernel
  api=4 insize=3654 outsize=1059 ok=1
Cmd: preprocessCompute
  insize=17618 outsize=17632 ok=1
Cmd: compileComputeKernel
  api=4 insize=17632 outsize=635 ok=1
Cmd: preprocessCompute
  insize=5717 outsize=5725 ok=1
Cmd: compileComputeKernel
  api=4 insize=5725 outsize=7136 ok=1
Cmd: preprocessCompute
  insize=3838 outsize=3844 ok=1
Cmd: compileComputeKernel
  api=4 insize=3844 outsize=4216 ok=1
Cmd: preprocessCompute
  insize=2504 outsize=2510 ok=1
Cmd: compileComputeKernel
  api=4 insize=2510 outsize=562 ok=1
Cmd: preprocessCompute
  insize=19699 outsize=19711 ok=1
Cmd: compileComputeKernel
  api=4 insize=19711 outsize=24850 ok=1
